<?xml version="1.0" encoding="UTF-8"?>
<!-- Generated by org.testng.reporters.JUnitReportReporter -->
<testsuite skipped="0" hostname="AcerNitro-5" name="com.testcases.LoginTestCase" tests="1" failures="0" timestamp="30 Sep 2021 09:51:30 GMT" time="3.704" errors="0">
  <testcase name="login" time="3.704" classname="com.testcases.LoginTestCase"/>
</testsuite> <!-- com.testcases.LoginTestCase -->
